<?xml version="1.0" encoding="UTF-8"?>
<!-- Generated by org.testng.reporters.JUnitReportReporter -->
<testsuite hostname="LAPTOP-PLNO5R2G" failures="0" tests="10" name="com.qa.practicerediff.testcases.RediffPractice_LoginTests" time="74.832" errors="0" timestamp="2023-05-09T17:14:52 PDT" skipped="0">
  <testcase classname="com.qa.practicerediff.testcases.RediffPractice_LoginTests" name="logInWithValidCredentials" time="10.397"/>
  <system-out/>
  <testcase classname="com.qa.practicerediff.testcases.RediffPractice_LoginTests" name="logInWithValidCredentials" time="11.569"/>
  <system-out/>
  <testcase classname="com.qa.practicerediff.testcases.RediffPractice_LoginTests" name="logInWithValidCredentials" time="10.987"/>
  <system-out/>
  <testcase classname="com.qa.practicerediff.testcases.RediffPractice_LoginTests" name="logInWithValidCredentials" time="8.515"/>
  <system-out/>
  <testcase classname="com.qa.practicerediff.testcases.RediffPractice_LoginTests" name="loginWithInvalidCredentials" time="5.457"/>
  <system-out/>
  <testcase classname="com.qa.practicerediff.testcases.RediffPractice_LoginTests" name="loginWithValidUsernameInvalidPassword" time="7.239"/>
  <system-out/>
  <testcase classname="com.qa.practicerediff.testcases.RediffPractice_LoginTests" name="loginWithInvalidUsernameValidPassword" time="5.807"/>
  <system-out/>
  <testcase classname="com.qa.practicerediff.testcases.RediffPractice_LoginTests" name="loginWithUsernameAndNoPassword" time="4.703"/>
  <system-out/>
  <testcase classname="com.qa.practicerediff.testcases.RediffPractice_LoginTests" name="loginWithNoUsernameandPassword" time="5.388"/>
  <system-out/>
  <testcase classname="com.qa.practicerediff.testcases.RediffPractice_LoginTests" name="loginWithNoCredentials" time="4.770"/>
  <system-out/>
</testsuite> <!-- com.qa.practicerediff.testcases.RediffPractice_LoginTests -->
