<?xml version="1.0" encoding="UTF-8"?>
<!-- Generated by org.testng.reporters.JUnitReportReporter -->
<testsuite hostname="LAPTOP-PLNO5R2G" failures="0" tests="1" name="com.qa.practicerediff.testcases.RediffPractice_HomePageTest" time="12.326" errors="0" timestamp="2023-05-09T17:14:52 PDT" skipped="0">
  <testcase classname="com.qa.practicerediff.testcases.RediffPractice_HomePageTest" name="logoutPageRediffLogo" time="12.326"/>
  <system-out/>
</testsuite> <!-- com.qa.practicerediff.testcases.RediffPractice_HomePageTest -->
