<?xml version="1.0" encoding="UTF-8"?>
<!-- Generated by org.testng.reporters.JUnitReportReporter -->
<testsuite hostname="LAPTOP-PLNO5R2G" failures="0" tests="1" name="com.qa.practicerediff.testcases.CreateAnAccountPageTest" time="14.968" errors="0" timestamp="2023-05-08T17:03:49 PDT" skipped="0">
  <testcase classname="com.qa.practicerediff.testcases.CreateAnAccountPageTest" name="loginCredentials" time="14.968"/>
  <system-out/>
</testsuite> <!-- com.qa.practicerediff.testcases.CreateAnAccountPageTest -->
