<?xml version="1.0" encoding="UTF-8"?>
<!-- Generated by org.testng.reporters.JUnitReportReporter -->
<testsuite hostname="LAPTOP-PLNO5R2G" failures="0" tests="1" name="com.qa.practicerediff.testcases.RediffPractice_SignInLinkTest" time="4.127" errors="0" timestamp="2023-05-09T17:14:52 PDT" skipped="0">
  <testcase classname="com.qa.practicerediff.testcases.RediffPractice_SignInLinkTest" name="clickOnSignInLink" time="4.127"/>
  <system-out/>
</testsuite> <!-- com.qa.practicerediff.testcases.RediffPractice_SignInLinkTest -->
