<?xml version="1.0" encoding="UTF-8"?>
<!-- Generated by org.testng.reporters.JUnitReportReporter -->
<testsuite hostname="LAPTOP-PLNO5R2G" failures="0" tests="1" name="com.qa.practicerediff.testcases.RediffPractice_LinkTests" time="14.217" errors="0" timestamp="2023-05-09T17:14:52 PDT" skipped="0">
  <testcase classname="com.qa.practicerediff.testcases.RediffPractice_LinkTests" name="rediffLinks" time="14.217"/>
  <system-out/>
</testsuite> <!-- com.qa.practicerediff.testcases.RediffPractice_LinkTests -->
