<?xml version="1.0" encoding="UTF-8"?>
<!-- Generated by org.testng.reporters.JUnitReportReporter -->
<testsuite hostname="LAPTOP-PLNO5R2G" failures="0" tests="3" name="com.qa.practicerediff.testcases.RediffPractice_LandingPageTest" time="40.352" errors="0" timestamp="2023-05-09T17:14:52 PDT" skipped="0">
  <testcase classname="com.qa.practicerediff.testcases.RediffPractice_LandingPageTest" name="validateTitleAndCurrentUrl" time="2.340"/>
  <system-out/>
  <testcase classname="com.qa.practicerediff.testcases.RediffPractice_LandingPageTest" name="signInButtonIsDisplayedAndEnabled" time="3.474"/>
  <system-out/>
  <testcase classname="com.qa.practicerediff.testcases.RediffPractice_LandingPageTest" name="rediffLogoDisplayesd" time="34.538"/>
  <system-out/>
</testsuite> <!-- com.qa.practicerediff.testcases.RediffPractice_LandingPageTest -->
