<?xml version="1.0" encoding="UTF-8"?>
<!-- Generated by org.testng.reporters.JUnitReportReporter -->
<testsuite skipped="0" hostname="LAPTOP-PLNO5R2G" name="com.qa.practicerediff.testcases.RediffPractice_SignInLinkTest" tests="1" failures="0" timestamp="09 May 2023 06:26:10 GMT" time="5.674" errors="0">
  <testcase name="clickOnSignInLink" time="5.674" classname="com.qa.practicerediff.testcases.RediffPractice_SignInLinkTest"/>
</testsuite> <!-- com.qa.practicerediff.testcases.RediffPractice_SignInLinkTest -->
